<?xml version="1.0" encoding="UTF-8"?>
<testsuite xmlns:xsi="http://www.w3.org/2001/XMLSchema-instance" xsi:noNamespaceSchemaLocation="https://maven.apache.org/surefire/maven-surefire-plugin/xsd/surefire-test-report-3.0.xsd" version="3.0" name="com.example.UPITransferServiceTest" time="2.346" tests="1" errors="0" skipped="0" failures="0">
  <properties>
[...]
</properties>
  <testcase name="testTransferSuccess" classname="com.example.UPITransferServiceTest" time="2.278">
    <system-out><![CDATA[18:38:34.056 [main] INFO transfer-service -- UPITransferService initialized.
18:38:34.156 [main] INFO transfer-service -- Thread [main] started transfer
18:38:34.167 [main] INFO transfer-service -- Deducted 1000.0 from A100. New balance: 4000.0
18:38:34.167 [main] INFO transfer-service -- Added 1000.0 to B200. New balance: 3000.0
18:38:34.168 [main] INFO transfer-service -- Thread [main] completed transfer
]]></system-out>
  </testcase>
</testsuite>